[0.019s] Invoking command in '/home/mujue/pros/rtdl/build/rtdl': CMAKE_PREFIX_PATH=/opt/ros/humble /usr/bin/cmake --build /home/mujue/pros/rtdl/build/rtdl -- -j4 -l4
[0.067s] [35m[1mConsolidate compiler generated dependencies of target my_bt_node[0m
[0.084s] [ 50%] [32mBuilding CXX object CMakeFiles/my_bt_node.dir/src/test.cpp.o[0m
[2.849s] In file included from [01m[K/opt/ros/humble/include/rclcpp/rclcpp/client.hpp:40[m[K,
[2.849s]                  from [01m[K/opt/ros/humble/include/rclcpp/rclcpp/callback_group.hpp:24[m[K,
[2.849s]                  from [01m[K/opt/ros/humble/include/rclcpp/rclcpp/any_executable.hpp:20[m[K,
[2.849s]                  from [01m[K/opt/ros/humble/include/rclcpp/rclcpp/memory_strategy.hpp:25[m[K,
[2.849s]                  from [01m[K/opt/ros/humble/include/rclcpp/rclcpp/memory_strategies.hpp:18[m[K,
[2.849s]                  from [01m[K/opt/ros/humble/include/rclcpp/rclcpp/executor_options.hpp:20[m[K,
[2.849s]                  from [01m[K/opt/ros/humble/include/rclcpp/rclcpp/executor.hpp:37[m[K,
[2.849s]                  from [01m[K/opt/ros/humble/include/rclcpp/rclcpp/executors/multi_threaded_executor.hpp:25[m[K,
[2.849s]                  from [01m[K/opt/ros/humble/include/rclcpp/rclcpp/executors.hpp:21[m[K,
[2.849s]                  from [01m[K/opt/ros/humble/include/rclcpp/rclcpp/rclcpp.hpp:155[m[K,
[2.850s]                  from [01m[K/home/mujue/pros/rtdl/src/rtdl/src/actions.hpp:6[m[K,
[2.850s]                  from [01m[K/home/mujue/pros/rtdl/src/rtdl/src/test.cpp:1[m[K:
[2.850s] [01m[K/home/mujue/pros/rtdl/src/rtdl/src/actions.hpp:[m[K In member function ‘[01m[Kvirtual BT::NodeStatus LogMessage::tick()[m[K’:
[2.850s] [01m[K/home/mujue/pros/rtdl/src/rtdl/src/actions.hpp:58:25:[m[K [01;31m[Kerror: [m[K‘[01m[Kros2_node_[m[K’ was not declared in this scope; did you mean ‘[01m[Kros_node_[m[K’?
[2.850s]    58 |             RCLCPP_INFO([01;31m[Kros2_node_[m[K->get_logger(), "Init failed!");
[2.850s]       |                         [01;31m[K^~~~~~~~~~[m[K
[2.850s] [01m[K/home/mujue/pros/rtdl/src/rtdl/src/actions.hpp:58:13:[m[K [01;31m[Kerror: [m[Ktemplate argument 1 is invalid
[2.850s]    58 |             [01;31m[KRCLCPP_INFO[m[K(ros2_node_->get_logger(), "Init failed!");
[2.850s]       |             [01;31m[K^~~~~~~~~~~[m[K
[4.233s] gmake[2]: *** [CMakeFiles/my_bt_node.dir/build.make:76: CMakeFiles/my_bt_node.dir/src/test.cpp.o] Error 1
[4.233s] gmake[1]: *** [CMakeFiles/Makefile2:85: CMakeFiles/my_bt_node.dir/all] Error 2
[4.233s] gmake: *** [Makefile:146: all] Error 2
[4.236s] Invoked command in '/home/mujue/pros/rtdl/build/rtdl' returned '2': CMAKE_PREFIX_PATH=/opt/ros/humble /usr/bin/cmake --build /home/mujue/pros/rtdl/build/rtdl -- -j4 -l4
