[0.017s] Invoking command in '/home/mujue/pros/rtdl/build/rtdl': CMAKE_PREFIX_PATH=/opt/ros/humble /usr/bin/cmake --build /home/mujue/pros/rtdl/build/rtdl -- -j4 -l4
[0.097s] [35m[1mConsolidate compiler generated dependencies of target my_bt_node[0m
[0.129s] [ 50%] [32mBuilding CXX object CMakeFiles/my_bt_node.dir/src/test.cpp.o[0m
[1.317s] [01m[K/home/mujue/pros/rtdl/src/rtdl/src/test.cpp:[m[K In function ‘[01m[Kint main(int, char**)[m[K’:
[1.317s] [01m[K/home/mujue/pros/rtdl/src/rtdl/src/test.cpp:5:14:[m[K [01;35m[Kwarning: [m[Kunused parameter ‘[01m[Kargc[m[K’ [[01;35m[K]8;;https://gcc.gnu.org/onlinedocs/gcc/Warning-Options.html#index-Wunused-parameter-Wunused-parameter]8;;[m[K]
[1.317s]     5 | int main([01;35m[Kint argc[m[K, char** argv){
[1.317s]       |          [01;35m[K~~~~^~~~[m[K
[3.178s] [100%] [32m[1mLinking CXX executable my_bt_node[0m
[3.303s] [100%] Built target my_bt_node
[3.316s] Invoked command in '/home/mujue/pros/rtdl/build/rtdl' returned '0': CMAKE_PREFIX_PATH=/opt/ros/humble /usr/bin/cmake --build /home/mujue/pros/rtdl/build/rtdl -- -j4 -l4
[3.328s] Invoking command in '/home/mujue/pros/rtdl/build/rtdl': CMAKE_PREFIX_PATH=/opt/ros/humble /usr/bin/cmake --install /home/mujue/pros/rtdl/build/rtdl
[3.335s] -- Install configuration: ""
[3.335s] -- Installing: /home/mujue/pros/rtdl/install/rtdl/lib/rtdl/my_bt_node
[3.336s] -- Set runtime path of "/home/mujue/pros/rtdl/install/rtdl/lib/rtdl/my_bt_node" to ""
[3.336s] -- Up-to-date: /home/mujue/pros/rtdl/install/rtdl/share/rtdl/trees
[3.336s] -- Up-to-date: /home/mujue/pros/rtdl/install/rtdl/share/rtdl/trees/tree.xml
[3.336s] -- Up-to-date: /home/mujue/pros/rtdl/install/rtdl/share/ament_index/resource_index/package_run_dependencies/rtdl
[3.336s] -- Up-to-date: /home/mujue/pros/rtdl/install/rtdl/share/ament_index/resource_index/parent_prefix_path/rtdl
[3.337s] -- Up-to-date: /home/mujue/pros/rtdl/install/rtdl/share/rtdl/environment/ament_prefix_path.sh
[3.337s] -- Up-to-date: /home/mujue/pros/rtdl/install/rtdl/share/rtdl/environment/ament_prefix_path.dsv
[3.337s] -- Up-to-date: /home/mujue/pros/rtdl/install/rtdl/share/rtdl/environment/path.sh
[3.337s] -- Up-to-date: /home/mujue/pros/rtdl/install/rtdl/share/rtdl/environment/path.dsv
[3.337s] -- Up-to-date: /home/mujue/pros/rtdl/install/rtdl/share/rtdl/local_setup.bash
[3.337s] -- Up-to-date: /home/mujue/pros/rtdl/install/rtdl/share/rtdl/local_setup.sh
[3.337s] -- Up-to-date: /home/mujue/pros/rtdl/install/rtdl/share/rtdl/local_setup.zsh
[3.337s] -- Up-to-date: /home/mujue/pros/rtdl/install/rtdl/share/rtdl/local_setup.dsv
[3.337s] -- Installing: /home/mujue/pros/rtdl/install/rtdl/share/rtdl/package.dsv
[3.337s] -- Up-to-date: /home/mujue/pros/rtdl/install/rtdl/share/ament_index/resource_index/packages/rtdl
[3.337s] -- Up-to-date: /home/mujue/pros/rtdl/install/rtdl/share/rtdl/cmake/rtdlConfig.cmake
[3.337s] -- Up-to-date: /home/mujue/pros/rtdl/install/rtdl/share/rtdl/cmake/rtdlConfig-version.cmake
[3.337s] -- Up-to-date: /home/mujue/pros/rtdl/install/rtdl/share/rtdl/package.xml
[3.339s] Invoked command in '/home/mujue/pros/rtdl/build/rtdl' returned '0': CMAKE_PREFIX_PATH=/opt/ros/humble /usr/bin/cmake --install /home/mujue/pros/rtdl/build/rtdl
