[100%] Built target my_bt_node
-- Install configuration: ""
-- Up-to-date: /home/mujue/pros/rtdl/install/rtdl/lib/rtdl/my_bt_node
-- Up-to-date: /home/mujue/pros/rtdl/install/rtdl/share/rtdl/trees
-- Installing: /home/mujue/pros/rtdl/install/rtdl/share/rtdl/trees/tree.xml
-- Up-to-date: /home/mujue/pros/rtdl/install/rtdl/share/ament_index/resource_index/package_run_dependencies/rtdl
-- Up-to-date: /home/mujue/pros/rtdl/install/rtdl/share/ament_index/resource_index/parent_prefix_path/rtdl
-- Up-to-date: /home/mujue/pros/rtdl/install/rtdl/share/rtdl/environment/ament_prefix_path.sh
-- Up-to-date: /home/mujue/pros/rtdl/install/rtdl/share/rtdl/environment/ament_prefix_path.dsv
-- Up-to-date: /home/mujue/pros/rtdl/install/rtdl/share/rtdl/environment/path.sh
-- Up-to-date: /home/mujue/pros/rtdl/install/rtdl/share/rtdl/environment/path.dsv
-- Up-to-date: /home/mujue/pros/rtdl/install/rtdl/share/rtdl/local_setup.bash
-- Up-to-date: /home/mujue/pros/rtdl/install/rtdl/share/rtdl/local_setup.sh
-- Up-to-date: /home/mujue/pros/rtdl/install/rtdl/share/rtdl/local_setup.zsh
-- Up-to-date: /home/mujue/pros/rtdl/install/rtdl/share/rtdl/local_setup.dsv
-- Installing: /home/mujue/pros/rtdl/install/rtdl/share/rtdl/package.dsv
-- Up-to-date: /home/mujue/pros/rtdl/install/rtdl/share/ament_index/resource_index/packages/rtdl
-- Up-to-date: /home/mujue/pros/rtdl/install/rtdl/share/rtdl/cmake/rtdlConfig.cmake
-- Up-to-date: /home/mujue/pros/rtdl/install/rtdl/share/rtdl/cmake/rtdlConfig-version.cmake
-- Up-to-date: /home/mujue/pros/rtdl/install/rtdl/share/rtdl/package.xml
