[0.025s] Invoking command in '/home/mujue/pros/rtdl/build/rtdl': CMAKE_PREFIX_PATH=/opt/ros/humble /usr/bin/cmake --build /home/mujue/pros/rtdl/build/rtdl -- -j4 -l4
[0.124s] -- Found ament_cmake: 1.3.13 (/opt/ros/humble/share/ament_cmake/cmake)
[0.349s] -- Found behaviortree_cpp: 4.9.0 (/opt/ros/humble/share/behaviortree_cpp/cmake)
[0.378s] -- Found rclcpp: 16.0.18 (/opt/ros/humble/share/rclcpp/cmake)
[0.488s] -- Found rosidl_generator_c: 3.1.8 (/opt/ros/humble/share/rosidl_generator_c/cmake)
[0.499s] -- Found rosidl_adapter: 3.1.8 (/opt/ros/humble/share/rosidl_adapter/cmake)
[0.528s] -- Found rosidl_generator_cpp: 3.1.8 (/opt/ros/humble/share/rosidl_generator_cpp/cmake)
[0.583s] -- Using all available rosidl_typesupport_c: rosidl_typesupport_fastrtps_c;rosidl_typesupport_introspection_c
[0.621s] -- Using all available rosidl_typesupport_cpp: rosidl_typesupport_fastrtps_cpp;rosidl_typesupport_introspection_cpp
[0.736s] -- Found rmw_implementation_cmake: 6.1.2 (/opt/ros/humble/share/rmw_implementation_cmake/cmake)
[0.745s] -- Found rmw_fastrtps_cpp: 6.2.10 (/opt/ros/humble/share/rmw_fastrtps_cpp/cmake)
[0.940s] -- Found OpenSSL: /usr/lib/x86_64-linux-gnu/libcrypto.so (found version "3.0.2")  
[0.975s] -- Found FastRTPS: /opt/ros/humble/include  
[1.036s] -- Using RMW implementation 'rmw_fastrtps_cpp' as default
[1.069s] -- Looking for pthread.h
[1.359s] -- Looking for pthread.h - found
[1.360s] -- Performing Test CMAKE_HAVE_LIBC_PTHREAD
[1.444s] -- Performing Test CMAKE_HAVE_LIBC_PTHREAD - Success
[1.446s] -- Found Threads: TRUE  
[1.531s] -- Found ament_lint_auto: 0.12.15 (/opt/ros/humble/share/ament_lint_auto/cmake)
[1.635s] -- Added test 'cppcheck' to perform static code analysis on C / C++ code
[1.635s] -- Configured cppcheck include dirs: 
[1.635s] -- Configured cppcheck exclude dirs and/or files: 
[1.637s] -- Added test 'lint_cmake' to check CMake code style
[1.637s] -- Added test 'uncrustify' to check C / C++ code style
[1.637s] -- Configured uncrustify additional arguments: 
[1.638s] -- Added test 'xmllint' to check XML markup files
[1.642s] -- Configuring done
[1.659s] -- Generating done
[1.664s] -- Build files have been written to: /home/mujue/pros/rtdl/build/rtdl
[1.699s] [35m[1mConsolidate compiler generated dependencies of target my_bt_node[0m
[1.714s] [ 50%] [32mBuilding CXX object CMakeFiles/my_bt_node.dir/src/test.cpp.o[0m
[2.030s] In file included from [01m[K/home/mujue/pros/rtdl/src/rtdl/src/test.cpp:1[m[K:
[2.030s] [01m[K/home/mujue/pros/rtdl/src/rtdl/src/actions.hpp:6:10:[m[K [01;31m[Kfatal error: [m[Krclcpp/rclcpp.cpp: No such file or directory
[2.030s]     6 | #include [01;31m[K<rclcpp/rclcpp.cpp>[m[K
[2.030s]       |          [01;31m[K^~~~~~~~~~~~~~~~~~~[m[K
[2.030s] compilation terminated.
[2.034s] gmake[2]: *** [CMakeFiles/my_bt_node.dir/build.make:76: CMakeFiles/my_bt_node.dir/src/test.cpp.o] Error 1
[2.035s] gmake[1]: *** [CMakeFiles/Makefile2:85: CMakeFiles/my_bt_node.dir/all] Error 2
[2.035s] gmake: *** [Makefile:146: all] Error 2
[2.038s] Invoked command in '/home/mujue/pros/rtdl/build/rtdl' returned '2': CMAKE_PREFIX_PATH=/opt/ros/humble /usr/bin/cmake --build /home/mujue/pros/rtdl/build/rtdl -- -j4 -l4
