[35m[1mConsolidate compiler generated dependencies of target my_bt_node[0m
[ 50%] [32mBuilding CXX object CMakeFiles/my_bt_node.dir/src/test.cpp.o[0m
[100%] [32m[1mLinking CXX executable my_bt_node[0m
[100%] Built target my_bt_node
-- Install configuration: ""
-- Installing: /home/mujue/pros/rtdl/install/rtdl/lib/rtdl/my_bt_node
-- Set runtime path of "/home/mujue/pros/rtdl/install/rtdl/lib/rtdl/my_bt_node" to ""
-- Installing: /home/mujue/pros/rtdl/install/rtdl/share/rtdl/trees
-- Installing: /home/mujue/pros/rtdl/install/rtdl/share/rtdl/trees/tree.xml
-- Installing: /home/mujue/pros/rtdl/install/rtdl/share/ament_index/resource_index/package_run_dependencies/rtdl
-- Installing: /home/mujue/pros/rtdl/install/rtdl/share/ament_index/resource_index/parent_prefix_path/rtdl
-- Installing: /home/mujue/pros/rtdl/install/rtdl/share/rtdl/environment/ament_prefix_path.sh
-- Installing: /home/mujue/pros/rtdl/install/rtdl/share/rtdl/environment/ament_prefix_path.dsv
-- Installing: /home/mujue/pros/rtdl/install/rtdl/share/rtdl/environment/path.sh
-- Installing: /home/mujue/pros/rtdl/install/rtdl/share/rtdl/environment/path.dsv
-- Installing: /home/mujue/pros/rtdl/install/rtdl/share/rtdl/local_setup.bash
-- Installing: /home/mujue/pros/rtdl/install/rtdl/share/rtdl/local_setup.sh
-- Installing: /home/mujue/pros/rtdl/install/rtdl/share/rtdl/local_setup.zsh
-- Installing: /home/mujue/pros/rtdl/install/rtdl/share/rtdl/local_setup.dsv
-- Installing: /home/mujue/pros/rtdl/install/rtdl/share/rtdl/package.dsv
-- Installing: /home/mujue/pros/rtdl/install/rtdl/share/ament_index/resource_index/packages/rtdl
-- Installing: /home/mujue/pros/rtdl/install/rtdl/share/rtdl/cmake/rtdlConfig.cmake
-- Installing: /home/mujue/pros/rtdl/install/rtdl/share/rtdl/cmake/rtdlConfig-version.cmake
-- Installing: /home/mujue/pros/rtdl/install/rtdl/share/rtdl/package.xml
